# Logfile created on Wed Mar 10 01:58:32 -0800 2010REQUESTING PAGE: GET / with {} and HTTP headers {}


Processing ApplicationController#index (for 127.0.0.1 at 2010-03-10 10:36:10) [GET]
REQUESTING PAGE: GET / with {} and HTTP headers {}


Processing ApplicationController#index (for 127.0.0.1 at 2010-03-10 10:41:21) [GET]
REQUESTING PAGE: GET / with {} and HTTP headers {}


Processing ApplicationController#index (for 127.0.0.1 at 2010-03-10 10:43:58) [GET]
REQUESTING PAGE: GET / with {} and HTTP headers {}


Processing ApplicationController#index (for 127.0.0.1 at 2010-03-10 11:25:36) [GET]
REQUESTING PAGE: GET / with {} and HTTP headers {}


Processing HomeController#index (for 127.0.0.1 at 2010-03-10 11:35:09) [GET]


Processing ApplicationController#index (for 127.0.0.1 at 2010-03-10 11:35:09) [GET]
REQUESTING PAGE: GET / with {} and HTTP headers {}


Processing HomeController#home (for 127.0.0.1 at 2010-03-10 11:36:55) [GET]
Rendering home/home
Completed in 62ms (View: 41, DB: 0) | 200 OK [http://www.example.com/]
REQUESTING PAGE: GET / with {} and HTTP headers {}


Processing PagesController#home (for 127.0.0.1 at 2010-03-10 12:36:26) [GET]
Rendering pages/home
Completed in 30ms (View: 22, DB: 0) | 200 OK [http://www.example.com/]
REQUESTING PAGE: GET / with {} and HTTP headers {}


Processing PagesController#home (for 127.0.0.1 at 2010-03-10 12:37:22) [GET]
Rendering pages/home
Completed in 19ms (View: 10, DB: 0) | 200 OK [http://www.example.com/]
REQUESTING PAGE: GET / with {} and HTTP headers {}


Processing PagesController#home (for 127.0.0.1 at 2010-03-16 13:37:33) [GET]
Rendering pages/home
Completed in 61ms (View: 49, DB: 0) | 200 OK [http://www.example.com/]
REQUESTING PAGE: GET / with {} and HTTP headers {}


Processing PagesController#home (for 127.0.0.1 at 2010-03-16 14:00:26) [GET]
Rendering pages/home
Completed in 79ms (View: 62, DB: 0) | 200 OK [http://www.example.com/]
REQUESTING PAGE: GET / with {} and HTTP headers {}


Processing PagesController#home (for 127.0.0.1 at 2010-03-17 02:45:01) [GET]
Rendering pages/home
Completed in 149ms (View: 141, DB: 0) | 200 OK [http://www.example.com/]
REQUESTING PAGE: GET / with {} and HTTP headers {}


Processing PagesController#home (for 127.0.0.1 at 2010-03-17 02:58:50) [GET]
Rendering pages/home
Completed in 36ms (View: 28, DB: 0) | 200 OK [http://www.example.com/]
REQUESTING PAGE: GET / with {} and HTTP headers {}


Processing PagesController#home (for 127.0.0.1 at 2010-03-17 02:59:37) [GET]
Rendering pages/home
Completed in 64ms (View: 41, DB: 0) | 200 OK [http://www.example.com/]
REQUESTING PAGE: GET / with {} and HTTP headers {}


Processing PagesController#home (for 127.0.0.1 at 2010-03-22 06:44:11) [GET]
Rendering pages/home
Completed in 127ms (View: 84, DB: 0) | 200 OK [http://www.example.com/]
REQUESTING PAGE: GET / with {} and HTTP headers {}


Processing PagesController#home (for 127.0.0.1 at 2010-03-22 06:47:07) [GET]
Rendering pages/home
Completed in 177ms (View: 73, DB: 0) | 200 OK [http://www.example.com/]
REQUESTING PAGE: GET / with {} and HTTP headers {}


Processing PagesController#home (for 127.0.0.1 at 2010-03-22 07:22:54) [GET]
Rendering pages/home
Completed in 71ms (View: 52, DB: 0) | 200 OK [http://www.example.com/]
REQUESTING PAGE: GET / with {} and HTTP headers {}


Processing PagesController#home (for 127.0.0.1 at 2010-03-22 07:24:19) [GET]
Rendering pages/home
Completed in 28ms (View: 11, DB: 0) | 200 OK [http://www.example.com/]
REQUESTING PAGE: GET / with {} and HTTP headers {}


Processing PagesController#home (for 127.0.0.1 at 2010-03-22 12:13:15) [GET]
Rendering pages/home
Completed in 68ms (View: 46, DB: 0) | 200 OK [http://www.example.com/]
REQUESTING PAGE: GET / with {} and HTTP headers {}


Processing PagesController#home (for 127.0.0.1 at 2010-03-26 06:28:50) [GET]
Rendering pages/home
Completed in 93ms (View: 41, DB: 0) | 200 OK [http://www.example.com/]
REQUESTING PAGE: GET / with {} and HTTP headers {}


Processing PagesController#home (for 127.0.0.1 at 2010-03-26 06:32:14) [GET]
Rendering pages/home
Completed in 18ms (View: 10, DB: 0) | 200 OK [http://www.example.com/]
REQUESTING PAGE: GET / with {} and HTTP headers {}


Processing PagesController#home (for 127.0.0.1 at 2010-03-26 06:33:29) [GET]
Rendering pages/home
Completed in 33ms (View: 24, DB: 0) | 200 OK [http://www.example.com/]
REQUESTING PAGE: GET / with {} and HTTP headers {}


Processing PagesController#home (for 127.0.0.1 at 2010-03-26 06:47:55) [GET]


Processing ApplicationController#home (for 127.0.0.1 at 2010-03-26 06:47:55) [GET]
REQUESTING PAGE: GET / with {} and HTTP headers {}


Processing PagesController#home (for 127.0.0.1 at 2010-03-26 06:48:39) [GET]


Processing ApplicationController#home (for 127.0.0.1 at 2010-03-26 06:48:39) [GET]
REQUESTING PAGE: GET / with {} and HTTP headers {}


Processing PagesController#home (for 127.0.0.1 at 2010-03-26 06:50:26) [GET]


Processing ApplicationController#home (for 127.0.0.1 at 2010-03-26 06:50:26) [GET]
REQUESTING PAGE: GET / with {} and HTTP headers {}


Processing PagesController#home (for 127.0.0.1 at 2010-03-26 07:06:39) [GET]
Rendering pages/home
Completed in 82ms (View: 30, DB: 0) | 200 OK [http://www.example.com/]
REQUESTING PAGE: GET / with {} and HTTP headers {}


Processing PagesController#home (for 127.0.0.1 at 2010-03-29 01:11:24) [GET]


Processing ApplicationController#home (for 127.0.0.1 at 2010-03-29 01:11:24) [GET]
REQUESTING PAGE: GET / with {} and HTTP headers {}


Processing PagesController#home (for 127.0.0.1 at 2010-03-29 01:22:51) [GET]


Processing ApplicationController#home (for 127.0.0.1 at 2010-03-29 01:22:51) [GET]
REQUESTING PAGE: GET / with {} and HTTP headers {}


Processing PagesController#home (for 127.0.0.1 at 2010-03-29 01:23:28) [GET]
Rendering pages/home
Completed in 689ms (View: 569, DB: 0) | 200 OK [http://www.example.com/]
REQUESTING PAGE: GET / with {} and HTTP headers {}


Processing PagesController#home (for 127.0.0.1 at 2010-03-29 01:32:25) [GET]
Rendering pages/home
Completed in 136ms (View: 64, DB: 0) | 200 OK [http://www.example.com/]
REQUESTING PAGE: GET / with {} and HTTP headers {}


Processing PagesController#home (for 127.0.0.1 at 2010-03-29 01:53:16) [GET]
Rendering pages/home
Completed in 63ms (View: 39, DB: 0) | 200 OK [http://www.example.com/]
REQUESTING PAGE: GET / with {} and HTTP headers {}


Processing PagesController#home (for 127.0.0.1 at 2010-03-29 01:53:47) [GET]
Rendering pages/home
Completed in 871ms (View: 13, DB: 0) | 200 OK [http://www.example.com/]
REQUESTING PAGE: GET / with {} and HTTP headers {}


Processing PagesController#home (for 127.0.0.1 at 2010-03-29 01:53:48) [GET]
Rendering pages/home
Completed in 4ms (View: 1, DB: 0) | 200 OK [http://www.example.com/]
REQUESTING PAGE: GET / with {} and HTTP headers {}


Processing PagesController#home (for 127.0.0.1 at 2010-03-29 02:02:34) [GET]
Rendering pages/home
Completed in 273ms (View: 242, DB: 0) | 200 OK [http://www.example.com/]
REQUESTING PAGE: GET / with {} and HTTP headers {}


Processing PagesController#home (for 127.0.0.1 at 2010-03-29 02:14:17) [GET]
Rendering pages/home
Completed in 1159ms (View: 54, DB: 0) | 200 OK [http://www.example.com/]
REQUESTING PAGE: GET / with {} and HTTP headers {}


Processing PagesController#home (for 127.0.0.1 at 2010-03-29 02:14:18) [GET]
Rendering pages/home
Completed in 9ms (View: 4, DB: 0) | 200 OK [http://www.example.com/]
