

Processing HomeController#home (for 127.0.0.1 at 2010-03-10 11:37:57) [GET]
Rendering home/home
Completed in 24ms (View: 19, DB: 0) | 200 OK [http://localhost/]


Processing PagesController#home (for 127.0.0.1 at 2010-03-10 12:13:38) [GET]

ActionView::MissingTemplate (Missing template pages/home.erb in view path app/views):
  

Rendering rescues/layout (internal_server_error)


Processing PagesController#home (for 127.0.0.1 at 2010-03-10 12:22:00) [GET]
Rendering pages/home

ActionView::TemplateError (Inconsistent indentation: "  \t" was used for indentation, but the rest of the document was indented using 1 tab.) on line #7 of app/views/pages/home.html.haml:
4: 		%meta{'http-equiv' => 'Content-Type', :content => "text/html; charset=iso-8859-1"}
5: 		%title antiFrost
6: 	%body
7:   	%div Welcome to antiFrost!
8:   	%div This site is under construction
9: 		

    app/views/pages/home.html.haml:7
    haml (2.2.20) lib/haml/precompiler.rb:169:in `tabs'
    haml (2.2.20) lib/haml/precompiler.rb:151:in `instance_eval'
    haml (2.2.20) lib/haml/precompiler.rb:151:in `tabs'
    haml (2.2.20) lib/haml/precompiler.rb:1007:in `block_opened?'
    haml (2.2.20) lib/haml/precompiler.rb:758:in `render_tag'
    haml (2.2.20) lib/haml/precompiler.rb:232:in `process_line'
    haml (2.2.20) lib/haml/precompiler.rb:196:in `precompile'
    haml (2.2.20) lib/haml/engine.rb:114:in `initialize'
    haml (2.2.20) lib/haml/template/plugin.rb:27:in `new'
    haml (2.2.20) lib/haml/template/plugin.rb:27:in `compile'
    haml (2.2.20) lib/haml/helpers/action_view_mods.rb:13:in `render'
    haml (2.2.20) lib/sass/plugin/rails.rb:20:in `process'

Rendered rescues/_trace (194.4ms)
Rendered rescues/_request_and_response (2.3ms)
Rendering rescues/layout (internal_server_error)


Processing PagesController#home (for 127.0.0.1 at 2010-03-10 12:24:38) [GET]
Rendering pages/home

ActionView::TemplateError (Inconsistent indentation: 4 spaces were used for indentation, but the rest of the document was indented using 1 tab.) on line #7 of app/views/pages/home.html.haml:
4: 		%meta{'http-equiv' => 'Content-Type', :content => "text/html; charset=iso-8859-1"}
5: 		%title antiFrost
6: 	%body
7:     %div Welcome to antiFrost!
8:     %div This site is under construction
9: 		

    app/views/pages/home.html.haml:7
    haml (2.2.20) lib/haml/precompiler.rb:169:in `tabs'
    haml (2.2.20) lib/haml/precompiler.rb:151:in `instance_eval'
    haml (2.2.20) lib/haml/precompiler.rb:151:in `tabs'
    haml (2.2.20) lib/haml/precompiler.rb:1007:in `block_opened?'
    haml (2.2.20) lib/haml/precompiler.rb:758:in `render_tag'
    haml (2.2.20) lib/haml/precompiler.rb:232:in `process_line'
    haml (2.2.20) lib/haml/precompiler.rb:196:in `precompile'
    haml (2.2.20) lib/haml/engine.rb:114:in `initialize'
    haml (2.2.20) lib/haml/template/plugin.rb:27:in `new'
    haml (2.2.20) lib/haml/template/plugin.rb:27:in `compile'
    haml (2.2.20) lib/haml/helpers/action_view_mods.rb:13:in `render'
    haml (2.2.20) lib/sass/plugin/rails.rb:20:in `process'

Rendered rescues/_trace (147.0ms)
Rendered rescues/_request_and_response (10.2ms)
Rendering rescues/layout (internal_server_error)


Processing PagesController#home (for 127.0.0.1 at 2010-03-10 12:25:20) [GET]
Rendering pages/home

ActionView::TemplateError (Inconsistent indentation: 4 spaces were used for indentation, but the rest of the document was indented using 1 tab.) on line #7 of app/views/pages/home.html.haml:
4: 		%meta{'http-equiv' => 'Content-Type', :content => "text/html; charset=iso-8859-1"}
5: 		%title antiFrost
6: 	%body
7:     %div Welcome to antiFrost!
8:     %div This site is under construction
9: 		

    app/views/pages/home.html.haml:7
    haml (2.2.20) lib/haml/precompiler.rb:169:in `tabs'
    haml (2.2.20) lib/haml/precompiler.rb:151:in `instance_eval'
    haml (2.2.20) lib/haml/precompiler.rb:151:in `tabs'
    haml (2.2.20) lib/haml/precompiler.rb:1007:in `block_opened?'
    haml (2.2.20) lib/haml/precompiler.rb:758:in `render_tag'
    haml (2.2.20) lib/haml/precompiler.rb:232:in `process_line'
    haml (2.2.20) lib/haml/precompiler.rb:196:in `precompile'
    haml (2.2.20) lib/haml/engine.rb:114:in `initialize'
    haml (2.2.20) lib/haml/template/plugin.rb:27:in `new'
    haml (2.2.20) lib/haml/template/plugin.rb:27:in `compile'
    haml (2.2.20) lib/haml/helpers/action_view_mods.rb:13:in `render'
    haml (2.2.20) lib/sass/plugin/rails.rb:20:in `process'

Rendered rescues/_trace (116.7ms)
Rendered rescues/_request_and_response (0.6ms)
Rendering rescues/layout (internal_server_error)


Processing PagesController#home (for 127.0.0.1 at 2010-03-10 12:35:54) [GET]
Rendering pages/home
Completed in 87ms (View: 81, DB: 0) | 200 OK [http://localhost/]


Processing PagesController#home (for 127.0.0.1 at 2010-03-12 01:53:18) [GET]
Rendering pages/home
ERROR: compiling _run_haml_app47views47pages47home46html46haml RAISED compile error
/home/gogza/devl/projects/antiFrost/app/views/pages/home.html.haml:5: syntax error, unexpected tSTRING_BEG, expecting tASSOC
...site-verification", :content="ovSH6IQNTafwJCaH2tvx5l2QIYWpuA...
                              ^
/home/gogza/devl/projects/antiFrost/app/views/pages/home.html.haml:5: syntax error, unexpected ')', expecting kEND
...H2tvx5l2QIYWpuAuh9P0bsdFlmkw");
                              ^
Function body:           def _run_haml_app47views47pages47home46html46haml(local_assigns)
            old_output_buffer = output_buffer;;begin;extend Haml::Helpers;_hamlout = @haml_buffer = Haml::Buffer.new(@haml_buffer, {:autoclose=>["meta", "img", "link", "br", "hr", "input", "area", "param", "col", "base"], :escape_html=>false, :ugly=>false, :preserve=>["textarea", "pre", "code"], :format=>:xhtml, :encoding=>nil, :attr_wrapper=>"'"});_erbout = _hamlout.buffer;__in_erb_template = true;;



_hamlout.push_text("<!DOCTYPE html PUBLIC \"-//W3C//DTD XHTML 1.0 Strict//EN\" \"http://www.w3.org/TR/xhtml1/DTD/xhtml1-strict.dtd\">\n<html>\n  <head>\n    <meta content='text/html; charset=iso-8859-1' http-equiv='Content-Type' />\n", 2, false);_hamlout.open_tag("meta", true, true, false, false, {}, false, false, nil, nil, :name => "google-site-verification", :content="ovSH6IQNTafwJCaH2tvx5l2QIYWpuAuh9P0bsdFlmkw");



_hamlout.push_text("    <title>antiFrost</title>\n  </head>\n  <body>\n    <div>Welcome to antiFrost!</div>\n    <div>This site is under construction</div>\n  </body>\n</html>\n", -2, false);_erbout;ensure;@haml_buffer = @haml_buffer.upper;end;
          ensure
            self.output_buffer = old_output_buffer
          end
Backtrace: /home/gogza/devl/projects/antiFrost/app/views/pages/home.html.haml:12:in `compile!'
/usr/lib/ruby/gems/1.8/gems/actionpack-2.3.5/lib/action_view/renderable.rb:61:in `compile'
/usr/lib/ruby/gems/1.8/gems/actionpack-2.3.5/lib/action_view/renderable.rb:28:in `render'
/usr/lib/ruby/gems/1.8/gems/actionpack-2.3.5/lib/action_view/template.rb:205:in `render_template'
/usr/lib/ruby/gems/1.8/gems/actionpack-2.3.5/lib/action_view/base.rb:265:in `render_without_haml'
/usr/lib/ruby/gems/1.8/gems/haml-2.2.20/lib/haml/helpers/action_view_mods.rb:13:in `render'
/usr/lib/ruby/gems/1.8/gems/actionpack-2.3.5/lib/action_controller/base.rb:1250:in `render_for_file'
/usr/lib/ruby/gems/1.8/gems/actionpack-2.3.5/lib/action_controller/base.rb:945:in `render_without_benchmark'
/usr/lib/ruby/gems/1.8/gems/actionpack-2.3.5/lib/action_controller/benchmarking.rb:51:in `render'
/usr/lib/ruby/gems/1.8/gems/activesupport-2.3.5/lib/active_support/core_ext/benchmark.rb:17:in `ms'
/usr/lib/ruby/1.8/benchmark.rb:308:in `realtime'
/usr/lib/ruby/gems/1.8/gems/activesupport-2.3.5/lib/active_support/core_ext/benchmark.rb:17:in `ms'
/usr/lib/ruby/gems/1.8/gems/actionpack-2.3.5/lib/action_controller/benchmarking.rb:51:in `render'
/usr/lib/ruby/gems/1.8/gems/actionpack-2.3.5/lib/action_controller/base.rb:1326:in `default_render'
/usr/lib/ruby/gems/1.8/gems/actionpack-2.3.5/lib/action_controller/base.rb:1332:in `perform_action_without_filters'
/usr/lib/ruby/gems/1.8/gems/actionpack-2.3.5/lib/action_controller/filters.rb:617:in `call_filters'
/usr/lib/ruby/gems/1.8/gems/actionpack-2.3.5/lib/action_controller/filters.rb:610:in `perform_action_without_benchmark'
/usr/lib/ruby/gems/1.8/gems/actionpack-2.3.5/lib/action_controller/benchmarking.rb:68:in `perform_action_without_rescue'
/usr/lib/ruby/gems/1.8/gems/activesupport-2.3.5/lib/active_support/core_ext/benchmark.rb:17:in `ms'
/usr/lib/ruby/1.8/benchmark.rb:308:in `realtime'
/usr/lib/ruby/gems/1.8/gems/activesupport-2.3.5/lib/active_support/core_ext/benchmark.rb:17:in `ms'
/usr/lib/ruby/gems/1.8/gems/actionpack-2.3.5/lib/action_controller/benchmarking.rb:68:in `perform_action_without_rescue'
/usr/lib/ruby/gems/1.8/gems/actionpack-2.3.5/lib/action_controller/rescue.rb:160:in `perform_action_without_flash'
/usr/lib/ruby/gems/1.8/gems/actionpack-2.3.5/lib/action_controller/flash.rb:146:in `perform_action'
/usr/lib/ruby/gems/1.8/gems/actionpack-2.3.5/lib/action_controller/base.rb:532:in `send'
/usr/lib/ruby/gems/1.8/gems/actionpack-2.3.5/lib/action_controller/base.rb:532:in `process_without_filters'
/usr/lib/ruby/gems/1.8/gems/actionpack-2.3.5/lib/action_controller/filters.rb:606:in `sass_old_process'
/usr/lib/ruby/gems/1.8/gems/haml-2.2.20/lib/sass/plugin/rails.rb:20:in `process'
/usr/lib/ruby/gems/1.8/gems/actionpack-2.3.5/lib/action_controller/base.rb:391:in `process'
/usr/lib/ruby/gems/1.8/gems/actionpack-2.3.5/lib/action_controller/base.rb:386:in `call'
/usr/lib/ruby/gems/1.8/gems/actionpack-2.3.5/lib/action_controller/routing/route_set.rb:437:in `call'
/usr/lib/ruby/gems/1.8/gems/actionpack-2.3.5/lib/action_controller/dispatcher.rb:87:in `dispatch'
/usr/lib/ruby/gems/1.8/gems/actionpack-2.3.5/lib/action_controller/dispatcher.rb:121:in `_call'
/usr/lib/ruby/gems/1.8/gems/actionpack-2.3.5/lib/action_controller/dispatcher.rb:130:in `build_middleware_stack'
/usr/lib/ruby/gems/1.8/gems/activerecord-2.3.5/lib/active_record/query_cache.rb:29:in `call'
/usr/lib/ruby/gems/1.8/gems/activerecord-2.3.5/lib/active_record/query_cache.rb:29:in `call'
/usr/lib/ruby/gems/1.8/gems/activerecord-2.3.5/lib/active_record/connection_adapters/abstract/query_cache.rb:34:in `cache'
/usr/lib/ruby/gems/1.8/gems/activerecord-2.3.5/lib/active_record/query_cache.rb:9:in `cache'
/usr/lib/ruby/gems/1.8/gems/activerecord-2.3.5/lib/active_record/query_cache.rb:28:in `call'
/usr/lib/ruby/gems/1.8/gems/activerecord-2.3.5/lib/active_record/connection_adapters/abstract/connection_pool.rb:361:in `call'
/usr/lib/ruby/gems/1.8/gems/actionpack-2.3.5/lib/action_controller/string_coercion.rb:25:in `call'
/usr/lib/ruby/gems/1.8/gems/rack-1.0.1/lib/rack/head.rb:9:in `call'
/usr/lib/ruby/gems/1.8/gems/rack-1.0.1/lib/rack/methodoverride.rb:24:in `call'
/usr/lib/ruby/gems/1.8/gems/actionpack-2.3.5/lib/action_controller/params_parser.rb:15:in `call'
/usr/lib/ruby/gems/1.8/gems/actionpack-2.3.5/lib/action_controller/session/cookie_store.rb:93:in `call'
/usr/lib/ruby/gems/1.8/gems/actionpack-2.3.5/lib/action_controller/failsafe.rb:26:in `call'
/usr/lib/ruby/gems/1.8/gems/rack-1.0.1/lib/rack/lock.rb:11:in `call'
/usr/lib/ruby/gems/1.8/gems/rack-1.0.1/lib/rack/lock.rb:11:in `synchronize'
/usr/lib/ruby/gems/1.8/gems/rack-1.0.1/lib/rack/lock.rb:11:in `call'
/usr/lib/ruby/gems/1.8/gems/actionpack-2.3.5/lib/action_controller/dispatcher.rb:114:in `call'
/usr/lib/ruby/gems/1.8/gems/actionpack-2.3.5/lib/action_controller/reloader.rb:34:in `run'
/usr/lib/ruby/gems/1.8/gems/actionpack-2.3.5/lib/action_controller/dispatcher.rb:108:in `call'
/usr/lib/ruby/gems/1.8/gems/rails-2.3.5/lib/rails/rack/static.rb:31:in `call'
/usr/lib/ruby/gems/1.8/gems/rack-1.0.1/lib/rack/urlmap.rb:46:in `call'
/usr/lib/ruby/gems/1.8/gems/rack-1.0.1/lib/rack/urlmap.rb:40:in `each'
/usr/lib/ruby/gems/1.8/gems/rack-1.0.1/lib/rack/urlmap.rb:40:in `call'
/usr/lib/ruby/gems/1.8/gems/rails-2.3.5/lib/rails/rack/log_tailer.rb:17:in `call'
/usr/lib/ruby/gems/1.8/gems/rack-1.0.1/lib/rack/content_length.rb:13:in `call'
/usr/lib/ruby/gems/1.8/gems/rack-1.0.1/lib/rack/chunked.rb:15:in `call'
/usr/lib/ruby/gems/1.8/gems/rack-1.0.1/lib/rack/handler/mongrel.rb:64:in `process'
/usr/lib/ruby/gems/1.8/gems/mongrel-1.1.5/lib/mongrel.rb:159:in `process_client'
/usr/lib/ruby/gems/1.8/gems/mongrel-1.1.5/lib/mongrel.rb:158:in `each'
/usr/lib/ruby/gems/1.8/gems/mongrel-1.1.5/lib/mongrel.rb:158:in `process_client'
/usr/lib/ruby/gems/1.8/gems/mongrel-1.1.5/lib/mongrel.rb:285:in `run'
/usr/lib/ruby/gems/1.8/gems/mongrel-1.1.5/lib/mongrel.rb:285:in `initialize'
/usr/lib/ruby/gems/1.8/gems/mongrel-1.1.5/lib/mongrel.rb:285:in `new'
/usr/lib/ruby/gems/1.8/gems/mongrel-1.1.5/lib/mongrel.rb:285:in `run'
/usr/lib/ruby/gems/1.8/gems/mongrel-1.1.5/lib/mongrel.rb:268:in `initialize'
/usr/lib/ruby/gems/1.8/gems/mongrel-1.1.5/lib/mongrel.rb:268:in `new'
/usr/lib/ruby/gems/1.8/gems/mongrel-1.1.5/lib/mongrel.rb:268:in `run'
/usr/lib/ruby/gems/1.8/gems/rack-1.0.1/lib/rack/handler/mongrel.rb:34:in `run'
/usr/lib/ruby/gems/1.8/gems/rails-2.3.5/lib/commands/server.rb:111
/usr/local/lib/site_ruby/1.8/rubygems/custom_require.rb:31:in `gem_original_require'
/usr/local/lib/site_ruby/1.8/rubygems/custom_require.rb:31:in `require'
script/server:3

ActionView::TemplateError (compile error
/home/gogza/devl/projects/antiFrost/app/views/pages/home.html.haml:5: syntax error, unexpected tSTRING_BEG, expecting tASSOC
...site-verification", :content="ovSH6IQNTafwJCaH2tvx5l2QIYWpuA...
                              ^
/home/gogza/devl/projects/antiFrost/app/views/pages/home.html.haml:5: syntax error, unexpected ')', expecting kEND
...H2tvx5l2QIYWpuAuh9P0bsdFlmkw");
                              ^) on line #5 of app/views/pages/home.html.haml:
2: %html
3:   %head
4:     %meta{'http-equiv' => 'Content-Type', :content => "text/html; charset=iso-8859-1"}
5:     %meta{:name => "google-site-verification", :content="ovSH6IQNTafwJCaH2tvx5l2QIYWpuAuh9P0bsdFlmkw"}
6:     %title antiFrost
7:   %body
8:     %div Welcome to antiFrost!

    app/views/pages/home.html.haml:12:in `compile!'
    haml (2.2.20) lib/haml/helpers/action_view_mods.rb:13:in `render'
    haml (2.2.20) lib/sass/plugin/rails.rb:20:in `process'

Rendered rescues/_trace (171.3ms)
Rendered rescues/_request_and_response (21.0ms)
Rendering rescues/layout (internal_server_error)


Processing PagesController#home (for 127.0.0.1 at 2010-03-12 01:54:28) [GET]
Rendering pages/home
Completed in 18ms (View: 13, DB: 0) | 200 OK [http://localhost/]


Processing PagesController#home (for 127.0.0.1 at 2010-03-26 04:34:57) [GET]
Rendering ./views/home.html.haml

ActionView::MissingTemplate (Missing template ./views/home.html.haml in view path app/views):
  haml (2.2.20) lib/haml/helpers/action_view_mods.rb:13:in `render'
  app/controllers/pages_controller.rb:3:in `home'
  haml (2.2.20) lib/sass/plugin/rails.rb:20:in `process'

Rendering rescues/layout (internal_server_error)


Processing PagesController#home (for 127.0.0.1 at 2010-03-26 04:35:28) [GET]
Rendering pages/home
Completed in 162ms (View: 157, DB: 0) | 200 OK [http://localhost/]


Processing PagesController#home (for 127.0.0.1 at 2010-03-26 04:45:53) [GET]
Rendering pages/home
Completed in 171ms (View: 156, DB: 0) | 200 OK [http://localhost/]


Processing PagesController#home (for 127.0.0.1 at 2010-03-26 04:49:04) [GET]
Rendering pages/home

ActionView::TemplateError (undefined local variable or method `temperature' for #<ActionView::Base:0xb608675c>) on line #9 of app/views/pages/home.html.haml:
6:     %title antiFrost
7:   %body
8:     %div Welcome to antiFrost!
9:     %div Tonight's temperature is forecast to be #{temperature} degrees C
10: 		

    app/views/pages/home.html.haml:9:in `_run_haml_app47views47pages47home46html46haml'
    haml (2.2.20) lib/haml/helpers/action_view_mods.rb:13:in `render'
    haml (2.2.20) lib/sass/plugin/rails.rb:20:in `process'

Rendered rescues/_trace (90.7ms)
Rendered rescues/_request_and_response (3.9ms)
Rendering rescues/layout (internal_server_error)


Processing PagesController#home (for 127.0.0.1 at 2010-03-26 04:49:32) [GET]
Rendering pages/home

ActionView::TemplateError (undefined local variable or method `temperature' for #<ActionView::Base:0xb5f549ec>) on line #9 of app/views/pages/home.html.haml:
6:     %title antiFrost
7:   %body
8:     %div Welcome to antiFrost!
9:     %div Tonight's temperature is forecast to be #{temperature} degrees C
10: 		

    app/views/pages/home.html.haml:9:in `_run_haml_app47views47pages47home46html46haml'
    haml (2.2.20) lib/haml/helpers/action_view_mods.rb:13:in `render'
    haml (2.2.20) lib/sass/plugin/rails.rb:20:in `process'

Rendered rescues/_trace (87.7ms)
Rendered rescues/_request_and_response (0.7ms)
Rendering rescues/layout (internal_server_error)


Processing PagesController#home (for 127.0.0.1 at 2010-03-26 05:15:15) [GET]
Rendering pages/home
Completed in 20ms (View: 15, DB: 0) | 200 OK [http://localhost/]


Processing PagesController#home (for 127.0.0.1 at 2010-03-26 05:43:56) [GET]
Rendering pages/home
Completed in 234ms (View: 221, DB: 0) | 200 OK [http://localhost/]


Processing PagesController#home (for 127.0.0.1 at 2010-03-26 05:47:44) [GET]

NoMethodError (You have a nil object when you didn't expect it!
You might have expected an instance of Array.
The error occurred while evaluating nil.fetch):
  lib/forecasters/forecaster.rb:9:in `tonightsTemperature'
  app/controllers/pages_controller.rb:4:in `home'
  haml (2.2.20) lib/sass/plugin/rails.rb:20:in `process'

Rendered rescues/_trace (174.8ms)
Rendered rescues/_request_and_response (24.9ms)
Rendering rescues/layout (internal_server_error)


Processing PagesController#home (for 127.0.0.1 at 2010-03-26 05:49:05) [GET]

NoMethodError (You have a nil object when you didn't expect it!
You might have expected an instance of Array.
The error occurred while evaluating nil.fetch):
  lib/forecasters/forecaster.rb:9:in `tonightsTemperature'
  app/controllers/pages_controller.rb:4:in `home'
  haml (2.2.20) lib/sass/plugin/rails.rb:20:in `process'

Rendered rescues/_trace (67.2ms)
Rendered rescues/_request_and_response (0.6ms)
Rendering rescues/layout (internal_server_error)


Processing PagesController#home (for 127.0.0.1 at 2010-03-26 05:49:15) [GET]

NoMethodError (You have a nil object when you didn't expect it!
You might have expected an instance of Array.
The error occurred while evaluating nil.fetch):
  lib/forecasters/forecaster.rb:9:in `tonightsTemperature'
  app/controllers/pages_controller.rb:4:in `home'
  haml (2.2.20) lib/sass/plugin/rails.rb:20:in `process'

Rendered rescues/_trace (72.0ms)
Rendered rescues/_request_and_response (0.6ms)
Rendering rescues/layout (internal_server_error)


Processing PagesController#home (for 127.0.0.1 at 2010-03-26 05:49:17) [GET]

NoMethodError (You have a nil object when you didn't expect it!
You might have expected an instance of Array.
The error occurred while evaluating nil.fetch):
  lib/forecasters/forecaster.rb:9:in `tonightsTemperature'
  app/controllers/pages_controller.rb:4:in `home'
  haml (2.2.20) lib/sass/plugin/rails.rb:20:in `process'

Rendered rescues/_trace (148.9ms)
Rendered rescues/_request_and_response (0.6ms)
Rendering rescues/layout (internal_server_error)


Processing PagesController#home (for 127.0.0.1 at 2010-03-26 05:49:39) [GET]

NoMethodError (You have a nil object when you didn't expect it!
You might have expected an instance of Array.
The error occurred while evaluating nil.fetch):
  lib/forecasters/forecaster.rb:9:in `tonightsTemperature'
  app/controllers/pages_controller.rb:4:in `home'
  haml (2.2.20) lib/sass/plugin/rails.rb:20:in `process'

Rendered rescues/_trace (127.4ms)
Rendered rescues/_request_and_response (2.1ms)
Rendering rescues/layout (internal_server_error)


Processing PagesController#home (for 127.0.0.1 at 2010-03-26 05:51:13) [GET]

NoMethodError (You have a nil object when you didn't expect it!
You might have expected an instance of Array.
The error occurred while evaluating nil.fetch):
  lib/forecasters/forecaster.rb:9:in `tonightsTemperature'
  app/controllers/pages_controller.rb:4:in `home'
  haml (2.2.20) lib/sass/plugin/rails.rb:20:in `process'

Rendered rescues/_trace (204.3ms)
Rendered rescues/_request_and_response (0.8ms)
Rendering rescues/layout (internal_server_error)


Processing PagesController#home (for 127.0.0.1 at 2010-03-26 05:51:15) [GET]

NoMethodError (You have a nil object when you didn't expect it!
You might have expected an instance of Array.
The error occurred while evaluating nil.fetch):
  lib/forecasters/forecaster.rb:9:in `tonightsTemperature'
  app/controllers/pages_controller.rb:4:in `home'
  haml (2.2.20) lib/sass/plugin/rails.rb:20:in `process'

Rendered rescues/_trace (72.7ms)
Rendered rescues/_request_and_response (0.6ms)
Rendering rescues/layout (internal_server_error)


Processing PagesController#home (for 127.0.0.1 at 2010-03-26 05:52:23) [GET]

NoMethodError (You have a nil object when you didn't expect it!
You might have expected an instance of Array.
The error occurred while evaluating nil.fetch):
  lib/forecasters/forecaster.rb:9:in `tonightsTemperature'
  app/controllers/pages_controller.rb:4:in `home'
  haml (2.2.20) lib/sass/plugin/rails.rb:20:in `process'

Rendered rescues/_trace (281.7ms)
Rendered rescues/_request_and_response (0.8ms)
Rendering rescues/layout (internal_server_error)


Processing PagesController#home (for 127.0.0.1 at 2010-03-26 05:55:35) [GET]
Rendering pages/home
Completed in 92ms (View: 68, DB: 0) | 200 OK [http://localhost/]


Processing PagesController#home (for 127.0.0.1 at 2010-03-26 07:07:33) [GET]
Rendering pages/home
Completed in 24ms (View: 15, DB: 0) | 200 OK [http://localhost/]


Processing PagesController#home (for 127.0.0.1 at 2010-03-26 07:07:38) [GET]
Rendering pages/home
Completed in 9ms (View: 1, DB: 0) | 200 OK [http://localhost/]


Processing PagesController#home (for 127.0.0.1 at 2010-03-26 07:13:45) [GET]
Rendering pages/home
Completed in 1184ms (View: 107, DB: 0) | 200 OK [http://localhost/]


Processing PagesController#home (for 127.0.0.1 at 2010-03-29 01:36:42) [GET]
Rendering pages/home
Completed in 957ms (View: 46, DB: 0) | 200 OK [http://localhost/]


Processing PagesController#home (for 127.0.0.1 at 2010-03-29 01:36:59) [GET]
Rendering pages/home
Completed in 799ms (View: 3, DB: 0) | 200 OK [http://localhost/]


Processing PagesController#home (for 127.0.0.1 at 2010-03-29 02:03:01) [GET]
Rendering pages/home
Completed in 855ms (View: 24, DB: 0) | 200 OK [http://localhost/]


Processing PagesController#home (for 127.0.0.1 at 2010-03-29 02:03:33) [GET]
Rendering pages/home
Completed in 661ms (View: 2, DB: 0) | 200 OK [http://localhost/]
